<?xml version="1.0" encoding="UTF-8"?>
<testng-results ignored="0" total="1" passed="1" failed="0" skipped="0">
  <reporter-output>
  </reporter-output>
  <suite started-at="2022-06-06T21:25:08 IST" name="Default suite" finished-at="2022-06-06T21:25:53 IST" duration-ms="45087">
    <groups>
    </groups>
    <test started-at="2022-06-06T21:25:08 IST" name="Default test" finished-at="2022-06-06T21:25:53 IST" duration-ms="45087">
      <class name="plumbing.PlumbingTest">
        <test-method is-config="true" signature="dataBaseConnection()[pri:0, instance:plumbing.PlumbingTest@6e171cd7]" started-at="2022-06-06T21:25:07 IST" name="dataBaseConnection" finished-at="2022-06-06T21:25:08 IST" duration-ms="9" status="PASS">
          <reporter-output>
          </reporter-output>
        </test-method> <!-- dataBaseConnection -->
        <test-method is-config="true" signature="parallelmode()[pri:0, instance:plumbing.PlumbingTest@6e171cd7]" started-at="2022-06-06T21:25:08 IST" name="parallelmode" finished-at="2022-06-06T21:25:08 IST" duration-ms="1" status="PASS">
          <reporter-output>
          </reporter-output>
        </test-method> <!-- parallelmode -->
        <test-method is-config="true" signature="launchBrowser()[pri:0, instance:plumbing.PlumbingTest@6e171cd7]" started-at="2022-06-06T21:25:08 IST" name="launchBrowser" finished-at="2022-06-06T21:25:24 IST" duration-ms="16216" status="PASS">
          <reporter-output>
          </reporter-output>
        </test-method> <!-- launchBrowser -->
        <test-method is-config="true" signature="login()[pri:0, instance:plumbing.PlumbingTest@6e171cd7]" started-at="2022-06-06T21:25:24 IST" name="login" finished-at="2022-06-06T21:25:24 IST" duration-ms="1" status="PASS">
          <reporter-output>
          </reporter-output>
        </test-method> <!-- login -->
        <test-method signature="plumbingTest()[pri:0, instance:plumbing.PlumbingTest@6e171cd7]" started-at="2022-06-06T21:25:24 IST" name="plumbingTest" finished-at="2022-06-06T21:25:52 IST" duration-ms="28547" status="PASS">
          <reporter-output>
          </reporter-output>
        </test-method> <!-- plumbingTest -->
        <test-method is-config="true" signature="logout()[pri:0, instance:plumbing.PlumbingTest@6e171cd7]" started-at="2022-06-06T21:25:52 IST" name="logout" finished-at="2022-06-06T21:25:52 IST" duration-ms="1" status="PASS">
          <reporter-output>
          </reporter-output>
        </test-method> <!-- logout -->
        <test-method is-config="true" signature="closebrowser()[pri:0, instance:plumbing.PlumbingTest@6e171cd7]" started-at="2022-06-06T21:25:52 IST" name="closebrowser" finished-at="2022-06-06T21:25:53 IST" duration-ms="276" status="PASS">
          <reporter-output>
          </reporter-output>
        </test-method> <!-- closebrowser -->
        <test-method is-config="true" signature="afterParallelMode()[pri:0, instance:plumbing.PlumbingTest@6e171cd7]" started-at="2022-06-06T21:25:53 IST" name="afterParallelMode" finished-at="2022-06-06T21:25:53 IST" duration-ms="0" status="PASS">
          <reporter-output>
          </reporter-output>
        </test-method> <!-- afterParallelMode -->
        <test-method is-config="true" signature="closeDataBaseConnection()[pri:0, instance:plumbing.PlumbingTest@6e171cd7]" started-at="2022-06-06T21:25:53 IST" name="closeDataBaseConnection" finished-at="2022-06-06T21:25:53 IST" duration-ms="0" status="PASS">
          <reporter-output>
          </reporter-output>
        </test-method> <!-- closeDataBaseConnection -->
      </class> <!-- plumbing.PlumbingTest -->
    </test> <!-- Default test -->
  </suite> <!-- Default suite -->
</testng-results>
